src/app/dashboard/parametres/abonnement/paiement/page.tsx(93,13): error TS2322: Type 'User | null' is not assignable to type 'User'.
  Type 'null' is not assignable to type 'User'.
src/app/dashboard/rh/[staffId]/page.tsx(184,67): error TS2554: Expected 3 arguments, but got 4.
src/components/admin/schools-table.tsx(186,55): error TS2345: Argument of type 'string | undefined' is not assignable to parameter of type 'string'.
  Type 'undefined' is not assignable to type 'string'.
src/components/dashboard/dashboard-layout-content.tsx(229,21): error TS2322: Type 'boolean | null' is not assignable to type 'boolean'.
  Type 'null' is not assignable to type 'boolean'.
src/components/theme-provider.tsx(5,41): error TS2307: Cannot find module 'next-themes/dist/types' or its corresponding type declarations.
src/components/ui/calendar.tsx(57,9): error TS2353: Object literal may only specify known properties, and 'IconLeft' does not exist in type 'Partial<CustomComponents>'.
src/components/ui/menubar.tsx(5,35): error TS2307: Cannot find module '@radix-ui/react-menubar' or its corresponding type declarations.
src/verify_agents.ts(1,30): error TS2307: Cannot find module './ai/agents/director' or its corresponding type declarations.
src/verify_agents.ts(2,10): error TS2305: Module '"genkit"' has no exported member 'runFlow'.
src/verify_agents.ts(3,25): error TS2307: Cannot find module 'dotenv' or its corresponding type declarations.
